[2021-02-22 09:35:36] app.INFO: Protect vendor folder in module contactform [] []
[2021-02-22 09:35:37] app.INFO: Module contactform has no vendor folder [] []
[2021-02-22 09:35:38] app.INFO: Protect vendor folder in module dashactivity [] []
[2021-02-22 09:35:38] app.INFO: Module dashactivity has no vendor folder [] []
[2021-02-22 09:35:40] app.INFO: Protect vendor folder in module dashgoals [] []
[2021-02-22 09:35:40] app.INFO: Module dashgoals has no vendor folder [] []
[2021-02-22 09:35:41] app.INFO: Protect vendor folder in module dashproducts [] []
[2021-02-22 09:35:41] app.INFO: Module dashproducts has no vendor folder [] []
[2021-02-22 09:35:42] app.INFO: Protect vendor folder in module dashtrends [] []
[2021-02-22 09:35:42] app.INFO: Module dashtrends has no vendor folder [] []
[2021-02-22 09:35:42] app.INFO: Protect vendor folder in module graphnvd3 [] []
[2021-02-22 09:35:42] app.INFO: Module graphnvd3 has no vendor folder [] []
[2021-02-22 09:35:43] app.INFO: Protect vendor folder in module gridhtml [] []
[2021-02-22 09:35:43] app.INFO: Module gridhtml has no vendor folder [] []
[2021-02-22 09:35:44] app.INFO: Protect vendor folder in module gsitemap [] []
[2021-02-22 09:35:44] app.INFO: Module gsitemap has no vendor folder [] []
[2021-02-22 09:35:45] app.INFO: Protect vendor folder in module pagesnotfound [] []
[2021-02-22 09:35:45] app.INFO: Module pagesnotfound has no vendor folder [] []
[2021-02-22 09:35:48] app.INFO: Protect vendor folder in module productcomments [] []
[2021-02-22 09:35:48] app.INFO: Module productcomments has no vendor folder [] []
[2021-02-22 09:35:49] app.INFO: Protect vendor folder in module ps_banner [] []
[2021-02-22 09:35:49] app.INFO: Module ps_banner has no vendor folder [] []
[2021-02-22 09:35:49] app.INFO: Protect vendor folder in module ps_categorytree [] []
[2021-02-22 09:35:49] app.INFO: Module ps_categorytree has no vendor folder [] []
[2021-02-22 09:35:50] app.INFO: Protect vendor folder in module ps_checkpayment [] []
[2021-02-22 09:35:50] app.INFO: Module ps_checkpayment has no vendor folder [] []
[2021-02-22 09:35:51] app.INFO: Protect vendor folder in module ps_contactinfo [] []
[2021-02-22 09:35:51] app.INFO: Module ps_contactinfo has no vendor folder [] []
[2021-02-22 09:35:52] app.INFO: Protect vendor folder in module ps_crossselling [] []
[2021-02-22 09:35:52] app.INFO: Module ps_crossselling has no vendor folder [] []
[2021-02-22 09:35:52] app.INFO: Protect vendor folder in module ps_currencyselector [] []
[2021-02-22 09:35:52] app.INFO: Module ps_currencyselector has no vendor folder [] []
[2021-02-22 09:35:53] app.INFO: Protect vendor folder in module ps_customeraccountlinks [] []
[2021-02-22 09:35:53] app.INFO: Module ps_customeraccountlinks has no vendor folder [] []
[2021-02-22 09:35:53] app.INFO: Protect vendor folder in module ps_customersignin [] []
[2021-02-22 09:35:53] app.INFO: Module ps_customersignin has no vendor folder [] []
[2021-02-22 09:35:54] app.INFO: Protect vendor folder in module ps_customtext [] []
[2021-02-22 09:35:54] app.INFO: Module ps_customtext has no vendor folder [] []
[2021-02-22 09:35:55] app.INFO: Protect vendor folder in module ps_dataprivacy [] []
[2021-02-22 09:35:55] app.INFO: Module ps_dataprivacy has no vendor folder [] []
[2021-02-22 09:35:57] app.INFO: Protect vendor folder in module ps_emailsubscription [] []
[2021-02-22 09:35:57] app.INFO: Module ps_emailsubscription has no vendor folder [] []
[2021-02-22 09:36:03] app.INFO: Protect vendor folder in module ps_facetedsearch [] []
[2021-02-22 09:36:03] app.INFO: Module ps_facetedsearch has no vendor folder [] []
[2021-02-22 09:36:04] app.INFO: Protect vendor folder in module ps_faviconnotificationbo [] []
[2021-02-22 09:36:04] app.INFO: Module ps_faviconnotificationbo has no vendor folder [] []
[2021-02-22 09:36:05] app.INFO: Protect vendor folder in module ps_featuredproducts [] []
[2021-02-22 09:36:05] app.INFO: Module ps_featuredproducts has no vendor folder [] []
[2021-02-22 09:36:07] app.INFO: Protect vendor folder in module ps_imageslider [] []
[2021-02-22 09:36:07] app.INFO: Module ps_imageslider has no vendor folder [] []
[2021-02-22 09:36:07] app.INFO: Protect vendor folder in module ps_languageselector [] []
[2021-02-22 09:36:07] app.INFO: Module ps_languageselector has no vendor folder [] []
[2021-02-22 09:36:09] app.INFO: Protect vendor folder in module ps_linklist [] []
[2021-02-22 09:36:09] app.INFO: Module ps_linklist has no vendor folder [] []
[2021-02-22 09:36:09] app.ERROR: Cannot register tab "AdminLinkWidget" because it already exists [] []
[2021-02-22 09:36:12] app.INFO: Protect vendor folder in module ps_mainmenu [] []
[2021-02-22 09:36:12] app.INFO: Module ps_mainmenu has no vendor folder [] []
[2021-02-22 09:36:12] app.INFO: Protect vendor folder in module ps_searchbar [] []
[2021-02-22 09:36:12] app.INFO: Module ps_searchbar has no vendor folder [] []
[2021-02-22 09:36:13] app.INFO: Protect vendor folder in module ps_sharebuttons [] []
[2021-02-22 09:36:13] app.INFO: Module ps_sharebuttons has no vendor folder [] []
[2021-02-22 09:36:13] app.INFO: Protect vendor folder in module ps_shoppingcart [] []
[2021-02-22 09:36:13] app.INFO: Module ps_shoppingcart has no vendor folder [] []
[2021-02-22 09:36:14] app.INFO: Protect vendor folder in module ps_socialfollow [] []
[2021-02-22 09:36:14] app.INFO: Module ps_socialfollow has no vendor folder [] []
[2021-02-22 09:36:15] app.INFO: Protect vendor folder in module ps_themecusto [] []
[2021-02-22 09:36:15] app.INFO: Module ps_themecusto has no vendor folder [] []
[2021-02-22 09:36:16] app.INFO: Protect vendor folder in module ps_wirepayment [] []
[2021-02-22 09:36:16] app.INFO: Module ps_wirepayment has no vendor folder [] []
[2021-02-22 09:36:17] app.INFO: Protect vendor folder in module sekeywords [] []
[2021-02-22 09:36:17] app.INFO: Module sekeywords has no vendor folder [] []
[2021-02-22 09:36:17] app.INFO: Protect vendor folder in module statsbestcategories [] []
[2021-02-22 09:36:17] app.INFO: Module statsbestcategories has no vendor folder [] []
[2021-02-22 09:36:18] app.INFO: Protect vendor folder in module statsbestcustomers [] []
[2021-02-22 09:36:18] app.INFO: Module statsbestcustomers has no vendor folder [] []
[2021-02-22 09:36:18] app.INFO: Protect vendor folder in module statsbestproducts [] []
[2021-02-22 09:36:18] app.INFO: Module statsbestproducts has no vendor folder [] []
[2021-02-22 09:36:18] app.INFO: Protect vendor folder in module statsbestsuppliers [] []
[2021-02-22 09:36:18] app.INFO: Module statsbestsuppliers has no vendor folder [] []
[2021-02-22 09:36:19] app.INFO: Protect vendor folder in module statsbestvouchers [] []
[2021-02-22 09:36:19] app.INFO: Module statsbestvouchers has no vendor folder [] []
[2021-02-22 09:36:19] app.INFO: Protect vendor folder in module statscarrier [] []
[2021-02-22 09:36:19] app.INFO: Module statscarrier has no vendor folder [] []
[2021-02-22 09:36:20] app.INFO: Protect vendor folder in module statscatalog [] []
[2021-02-22 09:36:20] app.INFO: Module statscatalog has no vendor folder [] []
[2021-02-22 09:36:20] app.INFO: Protect vendor folder in module statscheckup [] []
[2021-02-22 09:36:20] app.INFO: Module statscheckup has no vendor folder [] []
[2021-02-22 09:36:21] app.INFO: Protect vendor folder in module statsdata [] []
[2021-02-22 09:36:21] app.INFO: Module statsdata has no vendor folder [] []
[2021-02-22 09:36:21] app.INFO: Protect vendor folder in module statsequipment [] []
[2021-02-22 09:36:21] app.INFO: Module statsequipment has no vendor folder [] []
[2021-02-22 09:36:22] app.INFO: Protect vendor folder in module statsforecast [] []
[2021-02-22 09:36:22] app.INFO: Module statsforecast has no vendor folder [] []
[2021-02-22 09:36:22] app.INFO: Protect vendor folder in module statslive [] []
[2021-02-22 09:36:22] app.INFO: Module statslive has no vendor folder [] []
[2021-02-22 09:36:23] app.INFO: Protect vendor folder in module statsnewsletter [] []
[2021-02-22 09:36:23] app.INFO: Module statsnewsletter has no vendor folder [] []
[2021-02-22 09:36:23] app.INFO: Protect vendor folder in module statsorigin [] []
[2021-02-22 09:36:23] app.INFO: Module statsorigin has no vendor folder [] []
[2021-02-22 09:36:24] app.INFO: Protect vendor folder in module statspersonalinfos [] []
[2021-02-22 09:36:24] app.INFO: Module statspersonalinfos has no vendor folder [] []
[2021-02-22 09:36:24] app.INFO: Protect vendor folder in module statsproduct [] []
[2021-02-22 09:36:24] app.INFO: Module statsproduct has no vendor folder [] []
[2021-02-22 09:36:25] app.INFO: Protect vendor folder in module statsregistrations [] []
[2021-02-22 09:36:25] app.INFO: Module statsregistrations has no vendor folder [] []
[2021-02-22 09:36:25] app.INFO: Protect vendor folder in module statssales [] []
[2021-02-22 09:36:25] app.INFO: Module statssales has no vendor folder [] []
[2021-02-22 09:36:26] app.INFO: Protect vendor folder in module statssearch [] []
[2021-02-22 09:36:26] app.INFO: Module statssearch has no vendor folder [] []
[2021-02-22 09:36:26] app.INFO: Protect vendor folder in module statsstock [] []
[2021-02-22 09:36:26] app.INFO: Module statsstock has no vendor folder [] []
[2021-02-22 09:36:27] app.INFO: Protect vendor folder in module statsvisits [] []
[2021-02-22 09:36:27] app.INFO: Module statsvisits has no vendor folder [] []
[2021-02-22 09:36:27] app.INFO: Protect vendor folder in module welcome [] []
[2021-02-22 09:36:27] app.INFO: Module welcome has no vendor folder [] []
[2021-02-22 09:36:31] app.INFO: Exporting mail with theme modern for language Français (French) [] []
[2021-02-22 09:36:31] app.INFO: Core output folder: C:\wamp64\www\Cours-PrestaShop\Jarditou/mails [] []
[2021-02-22 09:36:31] app.INFO: Modules output folder: C:\wamp64\www\Cours-PrestaShop\Jarditou/modules/ [] []
